<?xml version="1.0" encoding="UTF-8"?>
<!-- Generated by org.testng.reporters.JUnitReportReporter -->
<testsuite hostname="DESKTOP-9541O0Q" name="org.multi.A" tests="3" failures="0" timestamp="31 Aug 2023 09:44:57 GMT" time="0.009" errors="0">
  <testcase name="test2" time="0.006" classname="org.multi.A"/>
  <testcase name="test1" time="0.002" classname="org.multi.A"/>
  <testcase name="test3" time="0.001" classname="org.multi.A"/>
</testsuite> <!-- org.multi.A -->
