<?xml version="1.0" encoding="UTF-8"?>
<!-- Generated by org.testng.reporters.JUnitReportReporter -->
<testsuite hostname="DESKTOP-9541O0Q" name="org.groupingg.A" tests="4" failures="0" timestamp="7 Sep 2023 07:01:19 GMT" time="0.120" errors="0">
  <testcase name="testA2" time="0.005" classname="org.groupingg.A"/>
  <testcase name="testA1" time="0.109" classname="org.groupingg.A"/>
  <testcase name="testA3" time="0.004" classname="org.groupingg.A"/>
  <testcase name="testA4" time="0.002" classname="org.groupingg.A"/>
</testsuite> <!-- org.groupingg.A -->
