<?xml version="1.0" encoding="UTF-8"?>
<!-- Generated by org.testng.reporters.JUnitReportReporter -->
<testsuite hostname="DESKTOP-9541O0Q" name="org.multi.B" tests="3" failures="0" timestamp="31 Aug 2023 09:44:57 GMT" time="0.071" errors="0">
  <testcase name="test1" time="0.002" classname="org.multi.B"/>
  <testcase name="test3" time="0.002" classname="org.multi.B"/>
  <testcase name="test2" time="0.067" classname="org.multi.B"/>
</testsuite> <!-- org.multi.B -->
