<?xml version="1.0" encoding="UTF-8"?>
<!-- Generated by org.testng.reporters.JUnitReportReporter -->
<testsuite hostname="DESKTOP-9541O0Q" name="org.parallell.A" tests="3" failures="0" timestamp="10 Sep 2023 12:20:20 GMT" time="0.046" errors="0">
  <testcase name="testA3" time="0.006" classname="org.parallell.A"/>
  <testcase name="testA2" time="0.012" classname="org.parallell.A"/>
  <testcase name="testA1" time="0.028" classname="org.parallell.A"/>
</testsuite> <!-- org.parallell.A -->
