<?xml version="1.0" encoding="UTF-8"?>
<!-- Generated by org.testng.reporters.JUnitReportReporter -->
<testsuite hostname="DESKTOP-9541O0Q" name="org.multi.C" tests="3" failures="0" timestamp="31 Aug 2023 09:44:57 GMT" time="0.048" errors="0">
  <testcase name="test1" time="0.035" classname="org.multi.C"/>
  <testcase name="test2" time="0.005" classname="org.multi.C"/>
  <testcase name="test3" time="0.008" classname="org.multi.C"/>
</testsuite> <!-- org.multi.C -->
