<?xml version="1.0" encoding="UTF-8"?>
<!-- Generated by org.testng.reporters.JUnitReportReporter -->
<testsuite hostname="DESKTOP-9541O0Q" name="org.parallell.C" tests="3" failures="0" timestamp="7 Sep 2023 08:07:03 GMT" time="0.009" errors="0">
  <testcase name="testC1" time="0.002" classname="org.parallell.C"/>
  <testcase name="testC3" time="0.003" classname="org.parallell.C"/>
  <testcase name="testC2" time="0.004" classname="org.parallell.C"/>
</testsuite> <!-- org.parallell.C -->
